<?xml version="1.0" encoding="UTF-8"?>
<testng-results ignored="0" total="1" passed="0" failed="1" skipped="0">
  <reporter-output>
    <line>
      <![CDATA[- Starting script (sample.Main) -> {"suite":"icagilitest","xmlReport":false,"visualQuality":0,"parameters":[{"ats.log.level":"all"},{"browser":"chrome"}]}]]>
    </line>
    <line>
      <![CDATA[- Subscript init (sample.Main:0) -> {"called":"sample.Subscript","iteration":"1/1","type":"loop","parameters":[{"p0":"chrome"}]}]]>
    </line>
    <line>
      <![CDATA[- ActionChannelStart (sample.Subscript:0) <- sample.Main:0]]>
    </line>
    <line>
      <![CDATA[- Script terminated -> {"name":"sample.Main","suite":"icagilitest","duration":4346,"passed":false,"actions":1}]]>
    </line>
  </reporter-output>
  <suite started-at="2020-05-25T17:47:58 CEST" name="icagilitest" finished-at="2020-05-25T17:48:02 CEST" duration-ms="4394">
    <groups>
    </groups>
    <test started-at="2020-05-25T17:47:58 CEST" name="testMain" finished-at="2020-05-25T17:48:02 CEST" duration-ms="4394">
      <class name="sample.Main">
        <test-method is-config="true" signature="beforeSuite()[pri:0, instance:sample.Main@6d026701]" started-at="2020-05-25T17:47:58 CEST" name="beforeSuite" test-instance-name="sample.Main" finished-at="2020-05-25T17:47:58 CEST" duration-ms="15" status="PASS">
          <reporter-output>
          </reporter-output>
        </test-method> <!-- beforeSuite -->
        <test-method is-config="true" signature="beforeAtsTest(org.testng.ITestContext)[pri:0, instance:sample.Main@6d026701]" started-at="2020-05-25T17:47:58 CEST" name="beforeAtsTest" test-instance-name="sample.Main" finished-at="2020-05-25T17:47:58 CEST" duration-ms="47" status="PASS">
          <params>
            <param index="0">
              <value>
                <![CDATA[org.testng.TestRunner@4ad4936c]]>
              </value>
            </param>
          </params>
          <reporter-output>
            <line>
              <![CDATA[- Starting script (sample.Main) -> {"suite":"icagilitest","xmlReport":false,"visualQuality":0,"parameters":[{"ats.log.level":"all"},{"browser":"chrome"}]}]]>
            </line>
          </reporter-output>
        </test-method> <!-- beforeAtsTest -->
        <test-method signature="testMain()[pri:0, instance:sample.Main@6d026701]" started-at="2020-05-25T17:47:58 CEST" name="testMain" test-instance-name="sample.Main" finished-at="2020-05-25T17:48:02 CEST" duration-ms="4284" status="FAIL">
          <reporter-output>
            <line>
              <![CDATA[- Subscript init (sample.Main:0) -> {"called":"sample.Subscript","iteration":"1/1","type":"loop","parameters":[{"p0":"chrome"}]}]]>
            </line>
          </reporter-output>
        </test-method> <!-- testMain -->
        <test-method is-config="true" signature="cleanup()[pri:0, instance:sample.Main@6d026701]" started-at="2020-05-25T17:48:02 CEST" name="cleanup" test-instance-name="sample.Main" finished-at="2020-05-25T17:48:02 CEST" duration-ms="31" status="PASS">
          <reporter-output>
            <line>
              <![CDATA[- ActionChannelStart (sample.Subscript:0) <- sample.Main:0]]>
            </line>
          </reporter-output>
        </test-method> <!-- cleanup -->
        <test-method is-config="true" signature="afterClass()[pri:0, instance:sample.Main@6d026701]" started-at="2020-05-25T17:48:02 CEST" name="afterClass" test-instance-name="sample.Main" finished-at="2020-05-25T17:48:02 CEST" duration-ms="0" status="PASS">
          <reporter-output>
            <line>
              <![CDATA[- Script terminated -> {"name":"sample.Main","suite":"icagilitest","duration":4346,"passed":false,"actions":1}]]>
            </line>
          </reporter-output>
        </test-method> <!-- afterClass -->
        <test-method is-config="true" signature="testFinished()[pri:0, instance:sample.Main@6d026701]" started-at="2020-05-25T17:48:02 CEST" name="testFinished" test-instance-name="sample.Main" finished-at="2020-05-25T17:48:02 CEST" duration-ms="0" status="PASS">
          <reporter-output>
          </reporter-output>
        </test-method> <!-- testFinished -->
      </class> <!-- sample.Main -->
    </test> <!-- testMain -->
  </suite> <!-- icagilitest -->
</testng-results>
