<?xml version="1.0" encoding="UTF-8"?>
<!-- Generated by org.testng.reporters.JUnitXMLReporter -->
<testsuite ignored="2" hostname="LAPTOP-LT8QHS42" failures="1" tests="2" name="testMain" time="47.08" errors="0" timestamp="2020-09-15T10:49:13 CEST">
  <testcase classname="MyFirstScript" name="MyFirstScript" time="22.678"/>
  <testcase classname="sample.Subscript" name="sample.Subscript" time="20.437">
    <failure/>
  </testcase> <!-- sample.Subscript -->
  <testcase classname="com.ats.executor.ActionTestScript" name="@AfterTest testFinished" time="0.0">
    <ignored/>
  </testcase> <!-- @AfterTest testFinished -->
  <testcase classname="com.ats.executor.ActionTestScript" name="@BeforeSuite beforeSuite" time="0.0">
    <ignored/>
  </testcase> <!-- @BeforeSuite beforeSuite -->
</testsuite> <!-- testMain -->
