<?xml version="1.0" encoding="UTF-8"?>
<testng-results ignored="0" total="1" passed="1" failed="0" skipped="0">
  <reporter-output>
    <line>
      <![CDATA[- Starting script (MyFirstScript) -> {"suite":"suite","xmlReport":true,"visualQuality":1,"parameters":[{"xml.report":"true"},{"ats.log.level":"silent"},{"visual.report":"1"}]}]]>
    </line>
    <line>
      <![CDATA[- Script terminated -> {"name":"MyFirstScript","suite":"suite","duration":19694,"passed":true,"actions":5}]]>
    </line>
  </reporter-output>
  <suite started-at="2020-08-27T10:33:41 CEST" name="suite" finished-at="2020-08-27T10:34:01 CEST" duration-ms="19712">
    <groups>
    </groups>
    <test started-at="2020-08-27T10:33:41 CEST" name="testMain" finished-at="2020-08-27T10:34:01 CEST" duration-ms="19712">
      <class name="MyFirstScript">
        <test-method is-config="true" signature="beforeSuite()[pri:0, instance:MyFirstScript@12aba8be]" started-at="2020-08-27T10:33:41 CEST" name="beforeSuite" test-instance-name="MyFirstScript" finished-at="2020-08-27T10:33:41 CEST" duration-ms="11" status="PASS">
          <reporter-output>
          </reporter-output>
        </test-method> <!-- beforeSuite -->
        <test-method is-config="true" signature="beforeAtsTest(org.testng.ITestContext)[pri:0, instance:MyFirstScript@12aba8be]" started-at="2020-08-27T10:33:41 CEST" name="beforeAtsTest" test-instance-name="MyFirstScript" finished-at="2020-08-27T10:33:41 CEST" duration-ms="52" status="PASS">
          <params>
            <param index="0">
              <value>
                <![CDATA[org.testng.TestRunner@2687f956]]>
              </value>
            </param>
          </params>
          <reporter-output>
            <line>
              <![CDATA[- Starting script (MyFirstScript) -> {"suite":"suite","xmlReport":true,"visualQuality":1,"parameters":[{"xml.report":"true"},{"ats.log.level":"silent"},{"visual.report":"1"}]}]]>
            </line>
          </reporter-output>
        </test-method> <!-- beforeAtsTest -->
        <test-method signature="testMain()[pri:0, instance:MyFirstScript@12aba8be]" started-at="2020-08-27T10:33:41 CEST" name="testMain" test-instance-name="MyFirstScript" finished-at="2020-08-27T10:34:01 CEST" duration-ms="19324" status="PASS">
          <reporter-output>
          </reporter-output>
        </test-method> <!-- testMain -->
        <test-method is-config="true" signature="cleanup()[pri:0, instance:MyFirstScript@12aba8be]" started-at="2020-08-27T10:34:01 CEST" name="cleanup" test-instance-name="MyFirstScript" finished-at="2020-08-27T10:34:01 CEST" duration-ms="317" status="PASS">
          <reporter-output>
          </reporter-output>
        </test-method> <!-- cleanup -->
        <test-method is-config="true" signature="afterClass()[pri:0, instance:MyFirstScript@12aba8be]" started-at="2020-08-27T10:34:01 CEST" name="afterClass" test-instance-name="MyFirstScript" finished-at="2020-08-27T10:34:01 CEST" duration-ms="0" status="PASS">
          <reporter-output>
            <line>
              <![CDATA[- Script terminated -> {"name":"MyFirstScript","suite":"suite","duration":19694,"passed":true,"actions":5}]]>
            </line>
          </reporter-output>
        </test-method> <!-- afterClass -->
        <test-method is-config="true" signature="testFinished()[pri:0, instance:MyFirstScript@12aba8be]" started-at="2020-08-27T10:34:01 CEST" name="testFinished" test-instance-name="MyFirstScript" finished-at="2020-08-27T10:34:01 CEST" duration-ms="1" status="PASS">
          <reporter-output>
          </reporter-output>
        </test-method> <!-- testFinished -->
      </class> <!-- MyFirstScript -->
    </test> <!-- testMain -->
  </suite> <!-- suite -->
</testng-results>
