-------------------------------------------------------------------------------
Test set: TestSuite
-------------------------------------------------------------------------------
Tests run: 2, Failures: 1, Errors: 0, Skipped: 0, Time elapsed: 48.852 s <<< FAILURE! - in TestSuite
sample.Subscript(sample.Subscript)  Time elapsed: 20.389 s  <<< FAILURE!
