<?xml version="1.0" encoding="UTF-8"?>
<!-- Generated by org.testng.reporters.JUnitXMLReporter -->
<testsuite ignored="2" hostname="LAPTOP-LT8QHS42" failures="0" tests="2" name="testMain" time="43.783" errors="0" timestamp="2020-07-23T10:56:14 CEST">
  <testcase classname="MyFirstScript" name="MyFirstScript" time="20.839"/>
  <testcase classname="sample.Main" name="sample.Main" time="22.089"/>
  <testcase classname="com.ats.executor.ActionTestScript" name="@AfterTest testFinished" time="0.0">
    <ignored/>
  </testcase> <!-- @AfterTest testFinished -->
  <testcase classname="com.ats.executor.ActionTestScript" name="@BeforeSuite beforeSuite" time="0.0">
    <ignored/>
  </testcase> <!-- @BeforeSuite beforeSuite -->
</testsuite> <!-- testMain -->
